Determining if the pthread_create exist failed with the following output:
Change Dir: /home/myoasm/Desktop/catkin_ws_riki/catkin_ws/build/CMakeFiles/CMakeTmp

Run Build Command:"/usr/bin/make" "cmTC_20eb8/fast"
/usr/bin/make -f CMakeFiles/cmTC_20eb8.dir/build.make CMakeFiles/cmTC_20eb8.dir/build
make[1]: Entering directory '/home/myoasm/Desktop/catkin_ws_riki/catkin_ws/build/CMakeFiles/CMakeTmp'
Building C object CMakeFiles/cmTC_20eb8.dir/CheckSymbolExists.c.o
/usr/bin/cc     -o CMakeFiles/cmTC_20eb8.dir/CheckSymbolExists.c.o   -c /home/myoasm/Desktop/catkin_ws_riki/catkin_ws/build/CMakeFiles/CMakeTmp/CheckSymbolExists.c
Linking C executable cmTC_20eb8
/usr/bin/cmake -E cmake_link_script CMakeFiles/cmTC_20eb8.dir/link.txt --verbose=1
/usr/bin/cc       CMakeFiles/cmTC_20eb8.dir/CheckSymbolExists.c.o  -o cmTC_20eb8 -rdynamic 
CMakeFiles/cmTC_20eb8.dir/CheckSymbolExists.c.o: In function `main':
CheckSymbolExists.c:(.text+0x16): undefined reference to `pthread_create'
collect2: error: ld returned 1 exit status
CMakeFiles/cmTC_20eb8.dir/build.make:97: recipe for target 'cmTC_20eb8' failed
make[1]: *** [cmTC_20eb8] Error 1
make[1]: Leaving directory '/home/myoasm/Desktop/catkin_ws_riki/catkin_ws/build/CMakeFiles/CMakeTmp'
Makefile:126: recipe for target 'cmTC_20eb8/fast' failed
make: *** [cmTC_20eb8/fast] Error 2

File /home/myoasm/Desktop/catkin_ws_riki/catkin_ws/build/CMakeFiles/CMakeTmp/CheckSymbolExists.c:
/* */
#include <pthread.h>

int main(int argc, char** argv)
{
  (void)argv;
#ifndef pthread_create
  return ((int*)(&pthread_create))[argc];
#else
  (void)argc;
  return 0;
#endif
}

Determining if the function pthread_create exists in the pthreads failed with the following output:
Change Dir: /home/myoasm/Desktop/catkin_ws_riki/catkin_ws/build/CMakeFiles/CMakeTmp

Run Build Command:"/usr/bin/make" "cmTC_39427/fast"
/usr/bin/make -f CMakeFiles/cmTC_39427.dir/build.make CMakeFiles/cmTC_39427.dir/build
make[1]: Entering directory '/home/myoasm/Desktop/catkin_ws_riki/catkin_ws/build/CMakeFiles/CMakeTmp'
Building C object CMakeFiles/cmTC_39427.dir/CheckFunctionExists.c.o
/usr/bin/cc    -DCHECK_FUNCTION_EXISTS=pthread_create   -o CMakeFiles/cmTC_39427.dir/CheckFunctionExists.c.o   -c /usr/share/cmake-3.5/Modules/CheckFunctionExists.c
Linking C executable cmTC_39427
/usr/bin/cmake -E cmake_link_script CMakeFiles/cmTC_39427.dir/link.txt --verbose=1
/usr/bin/cc   -DCHECK_FUNCTION_EXISTS=pthread_create    CMakeFiles/cmTC_39427.dir/CheckFunctionExists.c.o  -o cmTC_39427 -rdynamic -lpthreads 
/usr/bin/ld: cannot find -lpthreads
collect2: error: ld returned 1 exit status
CMakeFiles/cmTC_39427.dir/build.make:97: recipe for target 'cmTC_39427' failed
make[1]: *** [cmTC_39427] Error 1
make[1]: Leaving directory '/home/myoasm/Desktop/catkin_ws_riki/catkin_ws/build/CMakeFiles/CMakeTmp'
Makefile:126: recipe for target 'cmTC_39427/fast' failed
make: *** [cmTC_39427/fast] Error 2


Determining if the Q_WS_WIN exist failed with the following output:
Change Dir: /home/myoasm/Desktop/catkin_ws_riki/catkin_ws/build/CMakeFiles/CMakeTmp

Run Build Command:"/usr/bin/make" "cmTC_ea198/fast"
/usr/bin/make -f CMakeFiles/cmTC_ea198.dir/build.make CMakeFiles/cmTC_ea198.dir/build
make[1]: Entering directory '/home/myoasm/Desktop/catkin_ws_riki/catkin_ws/build/CMakeFiles/CMakeTmp'
Building CXX object CMakeFiles/cmTC_ea198.dir/CheckSymbolExists.cxx.o
/usr/bin/c++    -I/usr/include/qt4   -o CMakeFiles/cmTC_ea198.dir/CheckSymbolExists.cxx.o -c /home/myoasm/Desktop/catkin_ws_riki/catkin_ws/build/CMakeFiles/CMakeTmp/CheckSymbolExists.cxx
/home/myoasm/Desktop/catkin_ws_riki/catkin_ws/build/CMakeFiles/CMakeTmp/CheckSymbolExists.cxx: In function ‘int main(int, char**)’:
/home/myoasm/Desktop/catkin_ws_riki/catkin_ws/build/CMakeFiles/CMakeTmp/CheckSymbolExists.cxx:8:19: error: ‘Q_WS_WIN’ was not declared in this scope
   return ((int*)(&Q_WS_WIN))[argc];
                   ^
CMakeFiles/cmTC_ea198.dir/build.make:65: recipe for target 'CMakeFiles/cmTC_ea198.dir/CheckSymbolExists.cxx.o' failed
make[1]: *** [CMakeFiles/cmTC_ea198.dir/CheckSymbolExists.cxx.o] Error 1
make[1]: Leaving directory '/home/myoasm/Desktop/catkin_ws_riki/catkin_ws/build/CMakeFiles/CMakeTmp'
Makefile:126: recipe for target 'cmTC_ea198/fast' failed
make: *** [cmTC_ea198/fast] Error 2

File /home/myoasm/Desktop/catkin_ws_riki/catkin_ws/build/CMakeFiles/CMakeTmp/CheckSymbolExists.cxx:
/* */
#include <QtCore/qglobal.h>

int main(int argc, char** argv)
{
  (void)argv;
#ifndef Q_WS_WIN
  return ((int*)(&Q_WS_WIN))[argc];
#else
  (void)argc;
  return 0;
#endif
}

Determining if the Q_WS_QWS exist failed with the following output:
Change Dir: /home/myoasm/Desktop/catkin_ws_riki/catkin_ws/build/CMakeFiles/CMakeTmp

Run Build Command:"/usr/bin/make" "cmTC_9b61e/fast"
/usr/bin/make -f CMakeFiles/cmTC_9b61e.dir/build.make CMakeFiles/cmTC_9b61e.dir/build
make[1]: Entering directory '/home/myoasm/Desktop/catkin_ws_riki/catkin_ws/build/CMakeFiles/CMakeTmp'
Building CXX object CMakeFiles/cmTC_9b61e.dir/CheckSymbolExists.cxx.o
/usr/bin/c++    -I/usr/include/qt4   -o CMakeFiles/cmTC_9b61e.dir/CheckSymbolExists.cxx.o -c /home/myoasm/Desktop/catkin_ws_riki/catkin_ws/build/CMakeFiles/CMakeTmp/CheckSymbolExists.cxx
/home/myoasm/Desktop/catkin_ws_riki/catkin_ws/build/CMakeFiles/CMakeTmp/CheckSymbolExists.cxx: In function ‘int main(int, char**)’:
/home/myoasm/Desktop/catkin_ws_riki/catkin_ws/build/CMakeFiles/CMakeTmp/CheckSymbolExists.cxx:8:19: error: ‘Q_WS_QWS’ was not declared in this scope
   return ((int*)(&Q_WS_QWS))[argc];
                   ^
CMakeFiles/cmTC_9b61e.dir/build.make:65: recipe for target 'CMakeFiles/cmTC_9b61e.dir/CheckSymbolExists.cxx.o' failed
make[1]: *** [CMakeFiles/cmTC_9b61e.dir/CheckSymbolExists.cxx.o] Error 1
make[1]: Leaving directory '/home/myoasm/Desktop/catkin_ws_riki/catkin_ws/build/CMakeFiles/CMakeTmp'
Makefile:126: recipe for target 'cmTC_9b61e/fast' failed
make: *** [cmTC_9b61e/fast] Error 2

File /home/myoasm/Desktop/catkin_ws_riki/catkin_ws/build/CMakeFiles/CMakeTmp/CheckSymbolExists.cxx:
/* */
#include <QtCore/qglobal.h>

int main(int argc, char** argv)
{
  (void)argv;
#ifndef Q_WS_QWS
  return ((int*)(&Q_WS_QWS))[argc];
#else
  (void)argc;
  return 0;
#endif
}

Determining if the Q_WS_MAC exist failed with the following output:
Change Dir: /home/myoasm/Desktop/catkin_ws_riki/catkin_ws/build/CMakeFiles/CMakeTmp

Run Build Command:"/usr/bin/make" "cmTC_8528f/fast"
/usr/bin/make -f CMakeFiles/cmTC_8528f.dir/build.make CMakeFiles/cmTC_8528f.dir/build
make[1]: Entering directory '/home/myoasm/Desktop/catkin_ws_riki/catkin_ws/build/CMakeFiles/CMakeTmp'
Building CXX object CMakeFiles/cmTC_8528f.dir/CheckSymbolExists.cxx.o
/usr/bin/c++    -I/usr/include/qt4   -o CMakeFiles/cmTC_8528f.dir/CheckSymbolExists.cxx.o -c /home/myoasm/Desktop/catkin_ws_riki/catkin_ws/build/CMakeFiles/CMakeTmp/CheckSymbolExists.cxx
/home/myoasm/Desktop/catkin_ws_riki/catkin_ws/build/CMakeFiles/CMakeTmp/CheckSymbolExists.cxx: In function ‘int main(int, char**)’:
/home/myoasm/Desktop/catkin_ws_riki/catkin_ws/build/CMakeFiles/CMakeTmp/CheckSymbolExists.cxx:8:19: error: ‘Q_WS_MAC’ was not declared in this scope
   return ((int*)(&Q_WS_MAC))[argc];
                   ^
CMakeFiles/cmTC_8528f.dir/build.make:65: recipe for target 'CMakeFiles/cmTC_8528f.dir/CheckSymbolExists.cxx.o' failed
make[1]: *** [CMakeFiles/cmTC_8528f.dir/CheckSymbolExists.cxx.o] Error 1
make[1]: Leaving directory '/home/myoasm/Desktop/catkin_ws_riki/catkin_ws/build/CMakeFiles/CMakeTmp'
Makefile:126: recipe for target 'cmTC_8528f/fast' failed
make: *** [cmTC_8528f/fast] Error 2

File /home/myoasm/Desktop/catkin_ws_riki/catkin_ws/build/CMakeFiles/CMakeTmp/CheckSymbolExists.cxx:
/* */
#include <QtCore/qglobal.h>

int main(int argc, char** argv)
{
  (void)argv;
#ifndef Q_WS_MAC
  return ((int*)(&Q_WS_MAC))[argc];
#else
  (void)argc;
  return 0;
#endif
}

